<?xml version="1.0" encoding="UTF-8" ?>
<testsuite errors="0" failures="2" name="ess.InternalPanelBeanTest" tests="2" time="0.61">
  <properties>
[...]
</properties>
  <testcase classname="ess.InternalPanelBeanTest" name="testAddMouseListener" time="0.484">
    <failure message="The test case is a prototype." type="junit.framework.AssertionFailedError">junit.framework.AssertionFailedError: The test case is a prototype.
	at ess.InternalPanelBeanTest.testAddMouseListener(InternalPanelBeanTest.java:46)
</failure>
  </testcase>
  <testcase classname="ess.InternalPanelBeanTest" name="testRemoveMouseListener" time="0.016">
    <failure message="The test case is a prototype." type="junit.framework.AssertionFailedError">junit.framework.AssertionFailedError: The test case is a prototype.
	at ess.InternalPanelBeanTest.testRemoveMouseListener(InternalPanelBeanTest.java:61)
</failure>
  </testcase>
  <system-out><![CDATA[addMouseListener
removeMouseListener
]]></system-out>
  <system-err><![CDATA[]]></system-err>
</testsuite>
